     1                                  ;Brad Powell
     2                                  ;Project 1 Storage of Bytes
     3                                  ;09/14/20
     4                                  ;I like assembly!
     5                                  
     6                                  SECTION .data
     7 00000000 0B                      a1: DB 11
     8 00000001 0300                    b1: DW 11b
     9 00000003 11000000                c1: DD 11h
    10 00000007 0900000000000000        d1: DQ 11q
    11 0000000F FBFF                    e1: DW -5
    12 00000011 435343333232            f1: DB 'CSC322'
    13 00000017 486F776479              g1: DB 'Howdy'
    14 0000001C 0504030201              a2: DB	5,4,3,2,1
    15 00000021 010002000300040005-     b2: DW	1,2,3,4,5
    16 0000002A 00                 
    17 0000002B 0A0000000B0000000C-     c2: DD	10,11,12,13
    18 00000034 0000000D000000     
    19 0000003B 100000000000000011-     d2: DQ	10h,11h,12h,13h
    20 00000044 000000000000001200-
    21 0000004D 000000000000130000-
    22 00000056 0000000000         
    23 0000005B FB                      a3: DB	-5
    24 0000005C F6FF                    b3: DW	-10
    25 0000005E F1                      c3: DB	-15
    26 0000005F ECFF                    d3: DW	-20
    27 00000061 E7                      e3: DB	-25
    28 00000062 4D6572636572            a4: DB	'Mercer'
    29 00000068 0A                      b4: DB	10
    30 00000069 00                      c4: DB	0
    31 0000006A 476F20                  d4: DB	'Go ' ;space after o
    32 0000006D 426561727321            e4: DB	'Bears!'
    33 00000073 6400                    a5: DW	100
    34 00000075 00010000                b5: DD	100h
    35 00000079 04                      c5: DB	100b
    36 0000007A 4000                    d5: DW	100q
    37 0000007C 64000000                e5: DD	100d
    38                                  SECTION .bss
    39                                  SECTION .text
